This is pdfTeX, Version 3.1415926-1.40.10 (TeX Live 2009) (format=pdflatex 2010.6.3)  3 JUN 2010 17:53
entering extended mode
 \write18 enabled.
 file:line:error style messages enabled.
 %&-line parsing enabled.
**DarioBattistaGhilardi_Styles.cls
(./DarioBattistaGhilardi_Styles.cls
LaTeX2e <2009/09/24>
Babel <v3.8l> and hyphenation patterns for english, usenglishmax, dumylang, noh
yphenation, german-x-2009-06-19, ngerman-x-2009-06-19, ancientgreek, ibycus, ar
abic, basque, bulgarian, catalan, pinyin, coptic, croatian, czech, danish, dutc
h, esperanto, estonian, farsi, finnish, french, galician, german, ngerman, mono
greek, greek, hungarian, icelandic, indonesian, interlingua, irish, italian, ku
rmanji, latin, latvian, lithuanian, mongolian, mongolian2a, bokmal, nynorsk, po
lish, portuguese, romanian, russian, sanskrit, serbian, slovak, slovenian, span
ish, swedish, turkish, ukenglish, ukrainian, uppersorbian, welsh, loaded.

LaTeX Warning: You have requested package `',
               but the package provides `DarioBattistaGhilardi_Styles'.

Package: DarioBattistaGhilardi_Styles 11/08/2007 v3.1 - Stile Latex per Tesi di
 Laurea presso il DTI -- by Roberto Aringhieri

./DarioBattistaGhilardi_Styles.cls:7: LaTeX Error: Missing \begin{document}.

See the LaTeX manual or LaTeX Companion for explanation.
Type  H <return>  for immediate help.
 ...                                              
                                                  
l.7 \newif\if@
              correlatore \@correlatorefalse 									% per default non c'e'...

? 
./DarioBattistaGhilardi_Styles.cls:7: Emergency stop.
 ...                                              
                                                  
l.7 \newif\if@
              correlatore \@correlatorefalse 									% per default non c'e'...

You're in trouble here.  Try typing  <return>  to proceed.
If that doesn't work, type  X <return>  to quit.

 
Here is how much of TeX's memory you used:
 10 strings out of 493848
 361 string characters out of 3149208
 48936 words of memory out of 3000000
 3384 multiletter control sequences out of 15000+200000
 3640 words of font info for 14 fonts, out of 3000000 for 9000
 714 hyphenation exceptions out of 8191
 7i,0n,8p,144b,14s stack positions out of 5000i,500n,10000p,200000b,50000s
./DarioBattistaGhilardi_Styles.cls:7:  ==> Fatal error occurred, no output PDF 
file produced!
